<?xml version="1.0" encoding="UTF-8"?>
<testsuite xmlns:xsi="http://www.w3.org/2001/XMLSchema-instance" xsi:noNamespaceSchemaLocation="https://maven.apache.org/surefire/maven-surefire-plugin/xsd/surefire-test-report.xsd" name="com.kafka.fundamentals.AppTest" time="0.008" tests="1" errors="0" skipped="0" failures="0">
  <properties>
    <property name="java.specification.version" value="21"/>
    <property name="sun.jnu.encoding" value="UTF-8"/>
    <property name="java.class.path" value="/Users/barsnir/Desktop/projects/kafka-fundamentals/applications/target/test-classes:/Users/barsnir/Desktop/projects/kafka-fundamentals/applications/target/classes:/Users/barsnir/.m2/repository/junit/junit/4.11/junit-4.11.jar:/Users/barsnir/.m2/repository/org/hamcrest/hamcrest-core/1.3/hamcrest-core-1.3.jar:/Users/barsnir/.m2/repository/org/apache/kafka/kafka-clients/3.6.1/kafka-clients-3.6.1.jar:/Users/barsnir/.m2/repository/com/github/luben/zstd-jni/1.5.5-1/zstd-jni-1.5.5-1.jar:/Users/barsnir/.m2/repository/org/lz4/lz4-java/1.8.0/lz4-java-1.8.0.jar:/Users/barsnir/.m2/repository/org/xerial/snappy/snappy-java/1.1.10.5/snappy-java-1.1.10.5.jar:/Users/barsnir/.m2/repository/org/slf4j/slf4j-api/2.1.0-alpha1/slf4j-api-2.1.0-alpha1.jar:/Users/barsnir/.m2/repository/org/slf4j/slf4j-simple/2.1.0-alpha1/slf4j-simple-2.1.0-alpha1.jar:"/>
    <property name="java.vm.vendor" value="Homebrew"/>
    <property name="sun.arch.data.model" value="64"/>
    <property name="java.vendor.url" value="https://github.com/Homebrew/homebrew-core/issues"/>
    <property name="os.name" value="Mac OS X"/>
    <property name="java.vm.specification.version" value="21"/>
    <property name="sun.java.launcher" value="SUN_STANDARD"/>
    <property name="user.country" value="IL"/>
    <property name="sun.boot.library.path" value="/opt/homebrew/Cellar/openjdk/21.0.1/libexec/openjdk.jdk/Contents/Home/lib"/>
    <property name="sun.java.command" value="/Users/barsnir/Desktop/projects/kafka-fundamentals/applications/target/surefire/surefirebooter8782589294115996455.jar /Users/barsnir/Desktop/projects/kafka-fundamentals/applications/target/surefire 2024-01-15T10-23-45_271-jvmRun1 surefire3309740214471576433tmp surefire_018163280082348029479tmp"/>
    <property name="jdk.debug" value="release"/>
    <property name="surefire.test.class.path" value="/Users/barsnir/Desktop/projects/kafka-fundamentals/applications/target/test-classes:/Users/barsnir/Desktop/projects/kafka-fundamentals/applications/target/classes:/Users/barsnir/.m2/repository/junit/junit/4.11/junit-4.11.jar:/Users/barsnir/.m2/repository/org/hamcrest/hamcrest-core/1.3/hamcrest-core-1.3.jar:/Users/barsnir/.m2/repository/org/apache/kafka/kafka-clients/3.6.1/kafka-clients-3.6.1.jar:/Users/barsnir/.m2/repository/com/github/luben/zstd-jni/1.5.5-1/zstd-jni-1.5.5-1.jar:/Users/barsnir/.m2/repository/org/lz4/lz4-java/1.8.0/lz4-java-1.8.0.jar:/Users/barsnir/.m2/repository/org/xerial/snappy/snappy-java/1.1.10.5/snappy-java-1.1.10.5.jar:/Users/barsnir/.m2/repository/org/slf4j/slf4j-api/2.1.0-alpha1/slf4j-api-2.1.0-alpha1.jar:/Users/barsnir/.m2/repository/org/slf4j/slf4j-simple/2.1.0-alpha1/slf4j-simple-2.1.0-alpha1.jar:"/>
    <property name="sun.cpu.endian" value="little"/>
    <property name="user.home" value="/Users/barsnir"/>
    <property name="user.language" value="en"/>
    <property name="java.specification.vendor" value="Oracle Corporation"/>
    <property name="java.version.date" value="2023-10-17"/>
    <property name="java.home" value="/opt/homebrew/Cellar/openjdk/21.0.1/libexec/openjdk.jdk/Contents/Home"/>
    <property name="file.separator" value="/"/>
    <property name="basedir" value="/Users/barsnir/Desktop/projects/kafka-fundamentals/applications"/>
    <property name="java.vm.compressedOopsMode" value="Zero based"/>
    <property name="line.separator" value="&#10;"/>
    <property name="java.specification.name" value="Java Platform API Specification"/>
    <property name="java.vm.specification.vendor" value="Oracle Corporation"/>
    <property name="apple.awt.application.name" value="ForkedBooter"/>
    <property name="surefire.real.class.path" value="/Users/barsnir/Desktop/projects/kafka-fundamentals/applications/target/surefire/surefirebooter8782589294115996455.jar"/>
    <property name="sun.management.compiler" value="HotSpot 64-Bit Tiered Compilers"/>
    <property name="java.runtime.version" value="21.0.1"/>
    <property name="user.name" value="barsnir"/>
    <property name="stdout.encoding" value="UTF-8"/>
    <property name="path.separator" value=":"/>
    <property name="os.version" value="13.6.3"/>
    <property name="java.runtime.name" value="OpenJDK Runtime Environment"/>
    <property name="file.encoding" value="UTF-8"/>
    <property name="java.vm.name" value="OpenJDK 64-Bit Server VM"/>
    <property name="java.vendor.version" value="Homebrew"/>
    <property name="localRepository" value="/Users/barsnir/.m2/repository"/>
    <property name="java.vendor.url.bug" value="https://github.com/Homebrew/homebrew-core/issues"/>
    <property name="java.io.tmpdir" value="/var/folders/v4/dm63676d5jj1443vbm69v9500000gp/T/"/>
    <property name="java.version" value="21.0.1"/>
    <property name="user.dir" value="/Users/barsnir/Desktop/projects/kafka-fundamentals/applications"/>
    <property name="os.arch" value="aarch64"/>
    <property name="java.vm.specification.name" value="Java Virtual Machine Specification"/>
    <property name="native.encoding" value="UTF-8"/>
    <property name="java.library.path" value="/Users/barsnir/Library/Java/Extensions:/Library/Java/Extensions:/Network/Library/Java/Extensions:/System/Library/Java/Extensions:/usr/lib/java:."/>
    <property name="java.vm.info" value="mixed mode, sharing"/>
    <property name="stderr.encoding" value="UTF-8"/>
    <property name="java.vendor" value="Homebrew"/>
    <property name="java.vm.version" value="21.0.1"/>
    <property name="sun.io.unicode.encoding" value="UnicodeBig"/>
    <property name="java.class.version" value="65.0"/>
  </properties>
  <testcase name="shouldAnswerWithTrue" classname="com.kafka.fundamentals.AppTest" time="0.001"/>
</testsuite>